(3-Cyano)Methylenecyclopropane                          Wed Jul 12 16:07:51 2023
ID=     5 QSPINROT=    267816.0000 MIN, MAX QN=   0 150
MIN.LOG.STR=    -8.000 MIN.LOG.STR(FRQ/300GHZ)**2=    -8.000 MAX FREQ      750.0 GHZ, TEMP=   292.00
     1      1    3.6924      / a dipole moment gs
     2      2    1.4958      / b dipole moment gs
     3      3    0.9398      / c dipole moment gs
.VAR FILE TITLE :(3-Cyano)Methylenecyclopropane         Wed Jun 14 10:24:Wed Jul 12 14:38:13 2023
                              PARAMETERS - A.PRIORI ERROR 
     1      1         1000000   7.7805867122032E+03    1.002702E-04 A_gs
     2      2         2000000   2.5668093448780E+03    4.602406E-05 B_gs
     3      3         3000000   2.1320572654779E+03    4.843108E-05 C_gs
     4      4           20000  -1.1829037488408E-03    9.089740E-09 -DJ_gs
     5      5          110000   7.2652829688124E-03    3.182755E-08 -DJK_gs
     6      6          200000  -3.7036511662324E-02    1.385331E-07 -DK_gs
     7      7         4010000  -3.3262891504457E-04    1.673499E-09 d1_gs
     8      8         5000000  -2.7958462273278E-05    5.963051E-10 d2_gs
     9      9           30000   3.2200977914227E-09    6.834860E-13 HJ_gs
    10     10          120000  -1.8610145238546E-09    3.071195E-12 HJK_gs
    11     11          210000  -1.6396596092378E-07    1.392015E-11 HKJ_gs
    12     12          300000   7.5376791586834E-07    8.620551E-11 HK_gs
    13     13         4020000   1.5329656859319E-09    1.693264E-13 h1_gs
    14     14         5010000   3.5085632222793E-10    8.159321E-14 h2_gs
    15     15         6000000   4.0603871684330E-11    1.601687E-14 h3_gs
    16     16           40000  -1.0979203168471E-14    1.683691E-17 LJ_gs
    17     17          130000  -1.4740509488591E-13    9.917910E-17 LJJK_gs
    18     18          220000   1.2287832261444E-12    5.687612E-16 LJK_gs
    19     19          310000   2.0785246514926E-14    2.301571E-15 LKKJ_gs
    20     20          400000  -2.3609782886205E-11    1.642873E-14 LK_gs
    21     21         4030000  -6.8924202612072E-15    4.957405E-18 l1_gs
    22     22         5020000  -2.4864383313372E-15    2.742231E-18 l2_gs
    23     23         6010000  -1.7419018572301E-16    8.810944E-19 l3_gs
    24     24         7000000  -1.1110812561924E-17    1.427248E-19 l4_gs
    25     25               0   0.0000000000000E+00    1.000000E-37 E_gs
25 parameters read, 25 independent parameters
IQNFMT = 1404
ENERGY SORT OF WANG SUB-BLOCKS
PROLATE ROTOR
    V KMIN KMAX WTPL WTMN ESYMWT NSYM SPINS
    0    0  150    1    1     99    2
    1    0  150    1    1     99    2
    2    0  150    1    1     99    2
    3    0  150    1    1     99    2
    4    0  150    1    1     99    2
    5    0  150    1    1     99    2
    6    0  150    1    1     99    2
    7    0  150    1    1     99    2
    8    0  150    1    1     99    2
    9    0  150    1    1     99    2
   10    0  150    1    1     99    2
   11    0  150    1    1     99    2
   12    0  150    1    1     99    2
   13    0  150    1    1     99    2
   14    0  150    1    1     99    2
   15    0  150    1    1     99    2
   16    0  150    1    1     99    2
   17    0  150    1    1     99    2
BLOCK - WT - SYM - V - TSP - N  -  other quanta  (rel. to F=0 )
    1    1    x    0    0
    2    1    c    0    0
    3    1    b    0    0
    4    1    a    0    0
    5    1    x    1    0
    6    1    c    1    0
    7    1    b    1    0
    8    1    a    1    0
    9    1    x    2    0
   10    1    c    2    0
   11    1    b    2    0
   12    1    a    2    0
   13    1    x    3    0
   14    1    c    3    0
   15    1    b    3    0
   16    1    a    3    0
   17    1    x    4    0
   18    1    c    4    0
   19    1    b    4    0
   20    1    a    4    0
   21    1    x    5    0
   22    1    c    5    0
   23    1    b    5    0
   24    1    a    5    0
   25    1    x    6    0
   26    1    c    6    0
   27    1    b    6    0
   28    1    a    6    0
   29    1    x    7    0
   30    1    c    7    0
   31    1    b    7    0
   32    1    a    7    0
   33    1    x    8    0
   34    1    c    8    0
   35    1    b    8    0
   36    1    a    8    0
   37    1    x    9    0
   38    1    c    9    0
   39    1    b    9    0
   40    1    a    9    0
   41    1    x   10    0
   42    1    c   10    0
   43    1    b   10    0
   44    1    a   10    0
   45    1    x   11    0
   46    1    c   11    0
   47    1    b   11    0
   48    1    a   11    0
   49    1    x   12    0
   50    1    c   12    0
   51    1    b   12    0
   52    1    a   12    0
   53    1    x   13    0
   54    1    c   13    0
   55    1    b   13    0
   56    1    a   13    0
   57    1    x   14    0
   58    1    c   14    0
   59    1    b   14    0
   60    1    a   14    0
   61    1    x   15    0
   62    1    c   15    0
   63    1    b   15    0
   64    1    a   15    0
   65    1    x   16    0
   66    1    c   16    0
   67    1    b   16    0
   68    1    a   16    0
   69    1    x   17    0
   70    1    c   17    0
   71    1    b   17    0
   72    1    a   17    0
Maximum Dimension for Hamiltonian = 76
INITIAL Q =    267816.0000, NEW Q IS RELATIVE TO MIN.EGY.=         0.0000
 NUMBER OF LINES = 100289
TEMPERATURE - Q(SPIN-ROT.) - log Q(SPIN-ROT.)
    300.000  78174124.0663    7.8931
    292.000  78168764.3248    7.8930
    225.000  78126835.1177    7.8928
    150.000  78086935.7369    7.8926
     75.000  78056172.0012    7.8924
     37.500  78045308.1352    7.8923
     18.750  78041468.8652    7.8923
      9.375  78040111.3651    7.8923
